[2025/08/20 01:45:49]: §9          __             _       
[2025/08/20 01:45:49]: §9  _ __   / /  ___   __ _(_)_ __  
[2025/08/20 01:45:49]: §9 | '_ \ / /  / _ \ / _` | | '_ \ 
[2025/08/20 01:45:49]: §9 | | | / /__| (_) | (_| | | | | |
[2025/08/20 01:45:49]: §9 |_| |_\____/\___/ \__, |_|_| |_|
[2025/08/20 01:45:49]: §9                  |___/            
[2025/08/20 01:45:49]: §9 By: www.nickuc.com - V 10.3.27
[2025/08/20 01:45:49]: §9 
[2025/08/20 01:45:50]: §3[nLogin] [DEBUG] All settings were loaded in 114 ms.
[2025/08/20 01:45:50]: §3[nLogin] [DEBUG] Loading the messages_en.yml message file...
[2025/08/20 01:45:50]: §3[nLogin] [DEBUG] All plugin messages were loaded in 43 ms (languageByClient=false).
[2025/08/20 01:45:50]: §3[nLogin] [DEBUG] All proxy settings were loaded in 5 ms.
[2025/08/20 01:45:50]: §3[nLogin] [DEBUG] Loading database...
[2025/08/20 01:45:50]: §3[nLogin] [DEBUG] Starting logger filter...
[2025/08/20 01:45:55]: 
[2025/08/20 01:45:55]:  §bThank you so much for choosing nLogin! §4<3
[2025/08/20 01:45:55]: 
[2025/08/20 01:45:55]:  §4For your safety, please read the message below:
[2025/08/20 01:45:55]:   §cNever download nLogin from unknown sources.
[2025/08/20 01:45:55]:   §cA modified version may contain malicious software.
[2025/08/20 01:45:55]: 
[2025/08/20 01:45:55]:  §3Trusted sources:
[2025/08/20 01:45:55]:   §bwww.nickuc.com
[2025/08/20 01:45:55]:   §bwww.github.com/nickuc
[2025/08/20 01:45:55]:   §bOpeNLogin installer (from Spigot or GitHub)
[2025/08/20 01:45:55]: 
[2025/08/20 01:45:55]:  §3Official support channels:
[2025/08/20 01:45:55]:   §bDiscord group: §fwww.nickuc.com/discord
[2025/08/20 01:45:55]:   §bDocumentation: §fdocs.nickuc.com/nlogin/
[2025/08/20 01:45:55]:   §bEmail: §fsupport@nickuc.com
[2025/08/20 01:45:55]:   §bYouTube: §fyoutube.com/nickuc
[2025/08/20 01:45:55]: 
[2025/08/20 01:45:55]:  §eTo remove this warning, log in with "nlogin.admin" permission on the server
[2025/08/20 01:45:55]:  §eand click the "Setup plugin" button to configure your plugin.
[2025/08/20 01:45:55]: 
[2025/08/20 01:46:45]: §3[nLogin] [DEBUG] [SQLite] [UPDATE]: "UPDATE `nlogin` SET `last_name` = 'ugondia_2', `unique_id` = 1ebd9aeaf7893eea9e44145098106b92,  `mojang_id` = null,  `bedrock_id` = null,  `password` = '$2a$10$jXlRQyj1ErxFVil50dPJjulJAny4kLzMfd1y/TQPAgRsfRixNPaKi', `last_ip` = '0:0:0:0:0:0:0:1%0', `creation_date` = 2025-08-20 01:33:37.659, `last_seen` = 2025-08-20 01:46:44.999, `email` = null, `discord` = null, `settings` = '{"settings":[{"value":"survival","key":"last-server"},{"value":"en","key":"language"}],"version":0}' WHERE `ai` = 1" (applied to [last_ip, last_seen, settings] columns)
[2025/08/20 01:46:45]: [nLogin] The user ugondia_2 has successfully logged in.
[2025/08/20 01:47:27]: §3[nLogin] [DEBUG] [SQLite] [UPDATE]: "UPDATE `nlogin` SET `last_name` = 'ugondia_2', `unique_id` = 1ebd9aeaf7893eea9e44145098106b92,  `mojang_id` = null,  `bedrock_id` = null,  `password` = '$2a$10$jXlRQyj1ErxFVil50dPJjulJAny4kLzMfd1y/TQPAgRsfRixNPaKi', `last_ip` = '0:0:0:0:0:0:0:1%0', `creation_date` = 2025-08-20 01:33:37.659, `last_seen` = 2025-08-20 01:47:27.495, `email` = null, `discord` = null, `settings` = '{"settings":[{"value":"survival","key":"last-server"},{"value":"en","key":"language"}],"version":0}' WHERE `ai` = 1" (applied to [last_seen, settings] columns)
