[2025/08/20 01:31:00]: §9          __             _       
[2025/08/20 01:31:00]: §9  _ __   / /  ___   __ _(_)_ __  
[2025/08/20 01:31:00]: §9 | '_ \ / /  / _ \ / _` | | '_ \ 
[2025/08/20 01:31:00]: §9 | | | / /__| (_) | (_| | | | | |
[2025/08/20 01:31:00]: §9 |_| |_\____/\___/ \__, |_|_| |_|
[2025/08/20 01:31:00]: §9                  |___/            
[2025/08/20 01:31:00]: §9 By: www.nickuc.com - V 10.3.27
[2025/08/20 01:31:00]: §9 
[2025/08/20 01:31:00]: §3[nLogin] [DEBUG] All settings were loaded in 105 ms.
[2025/08/20 01:31:00]: §3[nLogin] [DEBUG] Loading the messages_en.yml message file...
[2025/08/20 01:31:00]: §3[nLogin] [DEBUG] All plugin messages were loaded in 51 ms (languageByClient=false).
[2025/08/20 01:31:00]: §3[nLogin] [DEBUG] All proxy settings were loaded in 7 ms.
[2025/08/20 01:31:00]: §3[nLogin] [DEBUG] Loading database...
[2025/08/20 01:31:00]: [nLogin] Generating RSA keypair... (this may take a while)
[2025/08/20 01:31:00]: [nLogin] Download finished (took 461ms, hash = 6c77ce3c8214b402522c06127d69415d29b44b8b2229d241799ee27510166343)
[2025/08/20 01:31:01]: [nLogin] The RSA key pair was successfully generated. Took 1.00s
[2025/08/20 01:31:01]: §3[nLogin] [DEBUG] Starting logger filter...
[2025/08/20 01:31:06]: 
[2025/08/20 01:31:06]:  §bThank you so much for choosing nLogin! §4<3
[2025/08/20 01:31:06]: 
[2025/08/20 01:31:06]:  §4For your safety, please read the message below:
[2025/08/20 01:31:06]:   §cNever download nLogin from unknown sources.
[2025/08/20 01:31:06]:   §cA modified version may contain malicious software.
[2025/08/20 01:31:06]: 
[2025/08/20 01:31:06]:  §3Trusted sources:
[2025/08/20 01:31:06]:   §bwww.nickuc.com
[2025/08/20 01:31:06]:   §bwww.github.com/nickuc
[2025/08/20 01:31:06]:   §bOpeNLogin installer (from Spigot or GitHub)
[2025/08/20 01:31:06]: 
[2025/08/20 01:31:06]:  §3Official support channels:
[2025/08/20 01:31:06]:   §bDiscord group: §fwww.nickuc.com/discord
[2025/08/20 01:31:06]:   §bDocumentation: §fdocs.nickuc.com/nlogin/
[2025/08/20 01:31:06]:   §bEmail: §fsupport@nickuc.com
[2025/08/20 01:31:06]:   §bYouTube: §fyoutube.com/nickuc
[2025/08/20 01:31:06]: 
[2025/08/20 01:31:06]:  §eTo remove this warning, log in with "nlogin.admin" permission on the server
[2025/08/20 01:31:06]:  §eand click the "Setup plugin" button to configure your plugin.
[2025/08/20 01:31:06]: 
[2025/08/20 01:33:37]: §3[nLogin] [DEBUG] [SQLite] [UPDATE]: "INSERT INTO `nlogin` (`last_name`, `unique_id`, `mojang_id`, `bedrock_id`, `password`, `last_ip`, `creation_date`, `last_seen`, `email`, `discord`, `settings`) VALUES ('ugondia_2', 1ebd9aeaf7893eea9e44145098106b92, null, null, '$2a$10$jXlRQyj1ErxFVil50dPJjulJAny4kLzMfd1y/TQPAgRsfRixNPaKi', '0:0:0:0:0:0:0:1%0', '2025-08-20 01:33:37.659', '2025-08-20 01:33:37.659', null, null, null)" (applied to all columns)
[2025/08/20 01:33:37]: [nLogin] The user ugondia_2 has successfully registered.
[2025/08/20 01:36:26]: §3[nLogin] [DEBUG] [SQLite] [UPDATE]: "UPDATE `nlogin` SET `last_name` = 'ugondia_2', `unique_id` = 1ebd9aeaf7893eea9e44145098106b92,  `mojang_id` = null,  `bedrock_id` = null,  `password` = '$2a$10$jXlRQyj1ErxFVil50dPJjulJAny4kLzMfd1y/TQPAgRsfRixNPaKi', `last_ip` = '0:0:0:0:0:0:0:1%0', `creation_date` = 2025-08-20 01:33:37.659, `last_seen` = 2025-08-20 01:36:26.301, `email` = null, `discord` = null, `settings` = '{"settings":[{"value":"survival","key":"last-server"},{"value":"en","key":"language"}],"version":0}' WHERE `ai` = 1" (applied to [last_seen, settings] columns)
